2022-06-29 17:56:30,42 DEBUG Horse: Создание Horse, имя [TestName], скорость [1.0]
2022-06-29 17:56:30,48 ERROR Horse: Distance is negative
2022-06-29 17:56:30,91 ERROR Horse: Name is blank
2022-06-29 17:56:30,96 ERROR Horse: Name is blank
2022-06-29 17:56:30,98 ERROR Horse: Name is blank
2022-06-29 17:56:30,100 ERROR Horse: Name is blank
2022-06-29 17:56:30,738 DEBUG Horse: Создание Horse, имя [TestName], скорость [1.0]
2022-06-29 17:56:30,762 ERROR Horse: Speed is negative
2022-06-29 17:56:30,767 ERROR Horse: Name is blank
2022-06-29 17:56:30,770 ERROR Horse: Name is blank
2022-06-29 17:56:30,774 ERROR Horse: Name is blank
2022-06-29 17:56:30,778 ERROR Horse: Name is blank
2022-06-29 17:56:30,782 DEBUG Horse: Создание Horse, имя [TestName], скорость [1.0]
2022-06-29 17:56:30,783 ERROR Horse: Distance is negative
2022-06-29 17:56:30,785 DEBUG Horse: Создание Horse, имя [TestName], скорость [1.0]
2022-06-29 17:56:30,787 DEBUG Horse: Создание Horse, имя [TestName], скорость [1.0]
2022-06-29 17:56:30,795 ERROR Horse: Speed is negative
2022-06-29 17:56:30,797 DEBUG Horse: Создание Horse, имя [TestName], скорость [1.0]
2022-06-29 17:56:30,799 ERROR Horse: Name is null
2022-06-29 17:56:30,800 ERROR Horse: Name is null
2022-06-29 17:56:30,803 ERROR Hippodrome: Horses list is null
2022-06-29 17:56:30,806 ERROR Hippodrome: Horses list is empty
2022-06-29 17:56:30,814 DEBUG Horse: Создание Horse, имя [TestHorse-0], скорость [0.0]
2022-06-29 17:56:30,814 DEBUG Horse: Создание Horse, имя [TestHorse-1], скорость [1.0]
2022-06-29 17:56:30,814 DEBUG Horse: Создание Horse, имя [TestHorse-2], скорость [2.0]
2022-06-29 17:56:30,814 DEBUG Horse: Создание Horse, имя [TestHorse-3], скорость [3.0]
2022-06-29 17:56:30,814 DEBUG Horse: Создание Horse, имя [TestHorse-4], скорость [4.0]
2022-06-29 17:56:30,814 DEBUG Horse: Создание Horse, имя [TestHorse-5], скорость [5.0]
2022-06-29 17:56:30,814 DEBUG Horse: Создание Horse, имя [TestHorse-6], скорость [6.0]
2022-06-29 17:56:30,814 DEBUG Horse: Создание Horse, имя [TestHorse-7], скорость [7.0]
2022-06-29 17:56:30,814 DEBUG Horse: Создание Horse, имя [TestHorse-8], скорость [8.0]
2022-06-29 17:56:30,815 DEBUG Horse: Создание Horse, имя [TestHorse-9], скорость [9.0]
2022-06-29 17:56:30,815 DEBUG Horse: Создание Horse, имя [TestHorse-10], скорость [10.0]
2022-06-29 17:56:30,815 DEBUG Horse: Создание Horse, имя [TestHorse-11], скорость [11.0]
2022-06-29 17:56:30,815 DEBUG Horse: Создание Horse, имя [TestHorse-12], скорость [12.0]
2022-06-29 17:56:30,815 DEBUG Horse: Создание Horse, имя [TestHorse-13], скорость [13.0]
2022-06-29 17:56:30,815 DEBUG Horse: Создание Horse, имя [TestHorse-14], скорость [14.0]
2022-06-29 17:56:30,815 DEBUG Horse: Создание Horse, имя [TestHorse-15], скорость [15.0]
2022-06-29 17:56:30,815 DEBUG Horse: Создание Horse, имя [TestHorse-16], скорость [16.0]
2022-06-29 17:56:30,815 DEBUG Horse: Создание Horse, имя [TestHorse-17], скорость [17.0]
2022-06-29 17:56:30,815 DEBUG Horse: Создание Horse, имя [TestHorse-18], скорость [18.0]
2022-06-29 17:56:30,815 DEBUG Horse: Создание Horse, имя [TestHorse-19], скорость [19.0]
2022-06-29 17:56:30,815 DEBUG Horse: Создание Horse, имя [TestHorse-20], скорость [20.0]
2022-06-29 17:56:30,815 DEBUG Horse: Создание Horse, имя [TestHorse-21], скорость [21.0]
2022-06-29 17:56:30,815 DEBUG Horse: Создание Horse, имя [TestHorse-22], скорость [22.0]
2022-06-29 17:56:30,815 DEBUG Horse: Создание Horse, имя [TestHorse-23], скорость [23.0]
2022-06-29 17:56:30,816 DEBUG Horse: Создание Horse, имя [TestHorse-24], скорость [24.0]
2022-06-29 17:56:30,816 DEBUG Horse: Создание Horse, имя [TestHorse-25], скорость [25.0]
2022-06-29 17:56:30,816 DEBUG Horse: Создание Horse, имя [TestHorse-26], скорость [26.0]
2022-06-29 17:56:30,816 DEBUG Horse: Создание Horse, имя [TestHorse-27], скорость [27.0]
2022-06-29 17:56:30,816 DEBUG Horse: Создание Horse, имя [TestHorse-28], скорость [28.0]
2022-06-29 17:56:30,816 DEBUG Horse: Создание Horse, имя [TestHorse-29], скорость [29.0]
2022-06-29 17:56:30,816 DEBUG Hippodrome: Создание Hippodrome, лошадей [30]
2022-06-29 17:56:30,821 ERROR Hippodrome: Horses list is empty
2022-06-29 17:56:30,823 ERROR Hippodrome: Horses list is null
2022-06-29 17:56:30,862 DEBUG Hippodrome: Создание Hippodrome, лошадей [30]
2022-06-29 17:56:30,881 DEBUG Horse: Создание Horse, имя [TestHorse-0], скорость [0.0]
2022-06-29 17:56:30,881 DEBUG Horse: Создание Horse, имя [TestHorse-1], скорость [1.0]
2022-06-29 17:56:30,881 DEBUG Horse: Создание Horse, имя [TestHorse-2], скорость [2.0]
2022-06-29 17:56:30,881 DEBUG Horse: Создание Horse, имя [TestHorse-3], скорость [3.0]
2022-06-29 17:56:30,881 DEBUG Horse: Создание Horse, имя [TestHorse-4], скорость [4.0]
2022-06-29 17:56:30,881 DEBUG Horse: Создание Horse, имя [TestHorse-5], скорость [5.0]
2022-06-29 17:56:30,881 DEBUG Horse: Создание Horse, имя [TestHorse-6], скорость [6.0]
2022-06-29 17:56:30,881 DEBUG Horse: Создание Horse, имя [TestHorse-7], скорость [7.0]
2022-06-29 17:56:30,881 DEBUG Horse: Создание Horse, имя [TestHorse-8], скорость [8.0]
2022-06-29 17:56:30,881 DEBUG Horse: Создание Horse, имя [TestHorse-9], скорость [9.0]
2022-06-29 17:56:30,882 DEBUG Horse: Создание Horse, имя [TestHorse-10], скорость [10.0]
2022-06-29 17:56:30,882 DEBUG Horse: Создание Horse, имя [TestHorse-11], скорость [11.0]
2022-06-29 17:56:30,882 DEBUG Horse: Создание Horse, имя [TestHorse-12], скорость [12.0]
2022-06-29 17:56:30,882 DEBUG Horse: Создание Horse, имя [TestHorse-13], скорость [13.0]
2022-06-29 17:56:30,882 DEBUG Horse: Создание Horse, имя [TestHorse-14], скорость [14.0]
2022-06-29 17:56:30,882 DEBUG Horse: Создание Horse, имя [TestHorse-15], скорость [15.0]
2022-06-29 17:56:30,882 DEBUG Horse: Создание Horse, имя [TestHorse-16], скорость [16.0]
2022-06-29 17:56:30,882 DEBUG Horse: Создание Horse, имя [TestHorse-17], скорость [17.0]
2022-06-29 17:56:30,882 DEBUG Horse: Создание Horse, имя [TestHorse-18], скорость [18.0]
2022-06-29 17:56:30,882 DEBUG Horse: Создание Horse, имя [TestHorse-19], скорость [19.0]
2022-06-29 17:56:30,882 DEBUG Horse: Создание Horse, имя [TestHorse-20], скорость [20.0]
2022-06-29 17:56:30,882 DEBUG Horse: Создание Horse, имя [TestHorse-21], скорость [21.0]
2022-06-29 17:56:30,882 DEBUG Horse: Создание Horse, имя [TestHorse-22], скорость [22.0]
2022-06-29 17:56:30,883 DEBUG Horse: Создание Horse, имя [TestHorse-23], скорость [23.0]
2022-06-29 17:56:30,883 DEBUG Horse: Создание Horse, имя [TestHorse-24], скорость [24.0]
2022-06-29 17:56:30,883 DEBUG Horse: Создание Horse, имя [TestHorse-25], скорость [25.0]
2022-06-29 17:56:30,883 DEBUG Horse: Создание Horse, имя [TestHorse-26], скорость [26.0]
2022-06-29 17:56:30,883 DEBUG Horse: Создание Horse, имя [TestHorse-27], скорость [27.0]
2022-06-29 17:56:30,883 DEBUG Horse: Создание Horse, имя [TestHorse-28], скорость [28.0]
2022-06-29 17:56:30,883 DEBUG Horse: Создание Horse, имя [TestHorse-29], скорость [29.0]
2022-06-29 17:56:30,883 DEBUG Hippodrome: Создание Hippodrome, лошадей [30]
